<?xml version="1.0" encoding="UTF-8"?>
<testsuite xmlns:xsi="http://www.w3.org/2001/XMLSchema-instance" xsi:noNamespaceSchemaLocation="https://maven.apache.org/surefire/maven-surefire-plugin/xsd/surefire-test-report-3.0.xsd" version="3.0" name="CalculatorTest" time="0.337" tests="8" errors="0" skipped="0" failures="0">
  <properties>
    <property name="sun.desktop" value="windows"/>
    <property name="awt.toolkit" value="sun.awt.windows.WToolkit"/>
    <property name="java.specification.version" value="11"/>
    <property name="sun.cpu.isalist" value="amd64"/>
    <property name="sun.jnu.encoding" value="Cp1252"/>
    <property name="java.class.path" value="C:\Users\munya\Documents\courses\cs204\JenkinsCalculator\target\test-classes;C:\Users\munya\Documents\courses\cs204\JenkinsCalculator\target\classes;C:\Users\munya\.m2\repository\junit\junit\4.12\junit-4.12.jar;C:\Users\munya\.m2\repository\org\hamcrest\hamcrest-core\1.3\hamcrest-core-1.3.jar;"/>
    <property name="java.vm.vendor" value="Amazon.com Inc."/>
    <property name="sun.arch.data.model" value="64"/>
    <property name="user.variant" value=""/>
    <property name="java.vendor.url" value="https://aws.amazon.com/corretto/"/>
    <property name="user.timezone" value="America/Denver"/>
    <property name="java.vm.specification.version" value="11"/>
    <property name="os.name" value="Windows 11"/>
    <property name="sun.java.launcher" value="SUN_STANDARD"/>
    <property name="user.country" value="US"/>
    <property name="sun.boot.library.path" value="C:\Users\munya\.jdks\corretto-11.0.14.1\bin"/>
    <property name="sun.java.command" value="C:\Users\munya\AppData\Local\Temp\surefire2052548824012650999\surefirebooter-20230224174212639_3.jar C:\Users\munya\AppData\Local\Temp\surefire2052548824012650999 2023-02-24T17-42-12_123-jvmRun1 surefire-20230224174212639_1tmp surefire_0-20230224174212639_2tmp"/>
    <property name="jdk.debug" value="release"/>
    <property name="surefire.test.class.path" value="C:\Users\munya\Documents\courses\cs204\JenkinsCalculator\target\test-classes;C:\Users\munya\Documents\courses\cs204\JenkinsCalculator\target\classes;C:\Users\munya\.m2\repository\junit\junit\4.12\junit-4.12.jar;C:\Users\munya\.m2\repository\org\hamcrest\hamcrest-core\1.3\hamcrest-core-1.3.jar;"/>
    <property name="sun.cpu.endian" value="little"/>
    <property name="user.home" value="C:\Users\munya"/>
    <property name="user.language" value="en"/>
    <property name="java.specification.vendor" value="Oracle Corporation"/>
    <property name="java.version.date" value="2022-02-08"/>
    <property name="java.home" value="C:\Users\munya\.jdks\corretto-11.0.14.1"/>
    <property name="file.separator" value="\"/>
    <property name="basedir" value="C:\Users\munya\Documents\courses\cs204\JenkinsCalculator"/>
    <property name="java.vm.compressedOopsMode" value="Zero based"/>
    <property name="line.separator" value="&#10;"/>
    <property name="java.specification.name" value="Java Platform API Specification"/>
    <property name="java.vm.specification.vendor" value="Oracle Corporation"/>
    <property name="java.awt.graphicsenv" value="sun.awt.Win32GraphicsEnvironment"/>
    <property name="surefire.real.class.path" value="C:\Users\munya\AppData\Local\Temp\surefire2052548824012650999\surefirebooter-20230224174212639_3.jar"/>
    <property name="user.script" value=""/>
    <property name="sun.management.compiler" value="HotSpot 64-Bit Tiered Compilers"/>
    <property name="java.runtime.version" value="11.0.14.1+10-LTS"/>
    <property name="user.name" value="munya"/>
    <property name="path.separator" value=";"/>
    <property name="os.version" value="10.0"/>
    <property name="java.runtime.name" value="OpenJDK Runtime Environment"/>
    <property name="file.encoding" value="Cp1252"/>
    <property name="java.vm.name" value="OpenJDK 64-Bit Server VM"/>
    <property name="java.vendor.version" value="Corretto-11.0.14.10.1"/>
    <property name="localRepository" value="C:\Users\munya\.m2\repository"/>
    <property name="java.vendor.url.bug" value="https://github.com/corretto/corretto-11/issues/"/>
    <property name="java.io.tmpdir" value="C:\Users\munya\AppData\Local\Temp\"/>
    <property name="java.version" value="11.0.14.1"/>
    <property name="user.dir" value="C:\Users\munya\Documents\courses\cs204\JenkinsCalculator"/>
    <property name="os.arch" value="amd64"/>
    <property name="java.vm.specification.name" value="Java Virtual Machine Specification"/>
    <property name="java.awt.printerjob" value="sun.awt.windows.WPrinterJob"/>
    <property name="sun.os.patch.level" value=""/>
    <property name="java.library.path" value="C:\Users\munya\.jdks\corretto-11.0.14.1\bin;C:\WINDOWS\Sun\Java\bin;C:\WINDOWS\system32;C:\WINDOWS;C:\Users\munya\.nvm\versions\node\v16.13.1\bin;C:\Program Files\Git\usr\bin;C:\Program Files\Git\mingw64\bin;C:\Program Files\Git\usr\bin;C:\Users\munya\bin;C:\Program Files\Common Files\Oracle\Java\javapath;C:\Program Files (x86)\Common Files\Oracle\Java\javapath;C:\Program Files (x86)\Razer Chroma SDK\bin;C:\Program Files\Razer Chroma SDK\bin;C:\Program Files (x86)\Razer\ChromaBroadcast\bin;C:\Program Files\Razer\ChromaBroadcast\bin;C:\Windows\system32;C:\Windows;C:\Windows\System32\Wbem;C:\Windows\System32\WindowsPowerShell\v1.0;C:\Windows\System32\OpenSSH;C:\Program Files (x86)\NVIDIA Corporation\PhysX\Common;C:\Program Files\NVIDIA Corporation\NVIDIA NvDLISR;C:\WINDOWS\system32;C:\WINDOWS;C:\WINDOWS\System32\Wbem;C:\WINDOWS\System32\WindowsPowerShell\v1.0;C:\WINDOWS\System32\OpenSSH;C:\Program Files\Git\cmd;C:\Users\munya\AppData\Local\Microsoft\WindowsApps;C:\Users\munya\AppData\Local\atom\bin;C:\WINDOWS\system32\config\systemprofile\AppData\Local\Microsoft\WindowsApps;C:\Program Files\nodejs;C:\Program Files\nodejs\node_modules\npm\bin;C:\Users\munya\AppData\Local\Programs\Microsoft VS Code\bin;C:\Program Files (x86)\Microsoft VS Code\bin;C:\Program Files\dotnet;C:\Program Files (x86)\GitHub CLI\gh.exe;C:\Program Files\MongoDB\Server\5.0\bin;C:\Program Files (x86)\sbt\bin;C:\Progra~1\Java\jdk-11.0.13;C:\Program Files (x86)\Java\jre1.8.0_311\bin;C:\Users\munya\.gradle\wrapper\dists\gradle-7.2-bin\wrapper\dists\gradle-7.0.2-bin\857tjihv64xamwrf0h14cai3r\gradle-7.0.2\bin;C:\Users\munya\AppData\Local\Programs\Python\Python310\python.exe;C:\Program Files (x86)\dotnet;C:\Program Files\Docker\Docker\resources\bin;C:\ProgramData\DockerDesktop\version-bin;C:\chromedriver;%SystemRoot%\system32;%SystemRoot%;%SystemRoot%\System32\Wbem;%SYSTEMROOT%\System32\WindowsPowerShell\v1.0;%SYSTEMROOT%\System32\OpenSSH;C:\Program Files\Common Files\Oracle\Java\javapath;C:\Program Files (x86)\Common Files\Oracle\Java\javapath;C:\Program Files (x86)\Razer Chroma SDK\bin;C:\Program Files\Razer Chroma SDK\bin;C:\Program Files (x86)\Razer\ChromaBroadcast\bin;C:\Program Files\Razer\ChromaBroadcast\bin;C:\Windows\system32;C:\Windows;C:\Windows\System32\Wbem;C:\Windows\System32\WindowsPowerShell\v1.0;C:\Windows\System32\OpenSSH;C:\Program Files (x86)\NVIDIA Corporation\PhysX\Common;C:\Program Files\NVIDIA Corporation\NVIDIA NvDLISR;C:\WINDOWS\system32;C:\WINDOWS;C:\WINDOWS\System32\Wbem;C:\WINDOWS\System32\WindowsPowerShell\v1.0;C:\WINDOWS\System32\OpenSSH;C:\Program Files\Git\cmd;C:\Users\munya\AppData\Local\Microsoft\WindowsApps;C:\Users\munya\AppData\Local\atom\bin;C:\WINDOWS\system32\config\systemprofile\AppData\Local\Microsoft\WindowsApps;C:\Program Files\nodejs;C:\Program Files\nodejs\node_modules\npm\bin;C:\Users\munya\AppData\Local\Programs\Microsoft VS Code\bin;C:\Program Files (x86)\Microsoft VS Code\bin;C:\Program F;C:\Users\munya\AppData\Local\Microsoft\WindowsApps;C:\Users\munya\flutter\bin;C:\Program Files\Common Files\apache-maven-3.9.0\bin;."/>
    <property name="java.vm.info" value="mixed mode"/>
    <property name="java.vendor" value="Amazon.com Inc."/>
    <property name="java.vm.version" value="11.0.14.1+10-LTS"/>
    <property name="sun.io.unicode.encoding" value="UnicodeLittle"/>
    <property name="java.class.version" value="55.0"/>
  </properties>
  <testcase name="divideTest" classname="CalculatorTest" time="0.003"/>
  <testcase name="addTest" classname="CalculatorTest" time="0"/>
  <testcase name="divideByZeroFailure" classname="CalculatorTest" time="0"/>
  <testcase name="intToBinaryNumberTest" classname="CalculatorTest" time="0"/>
  <testcase name="multiplyTest" classname="CalculatorTest" time="0"/>
  <testcase name="subtractTest" classname="CalculatorTest" time="0"/>
  <testcase name="fibonacciTest" classname="CalculatorTest" time="0.002"/>
  <testcase name="createUniqueIDTest" classname="CalculatorTest" time="0.289"/>
</testsuite>